Command line:
   keygnCompile_isim_beh.exe
     -simmode  gui
     -simrunnum  0
     -socket  50158

Tue Nov 07 13:16:46 2017


 Elaboration Time: 0.0468 sec

 Current Memory Usage: 667.599 Meg

 Total Signals          : 26
 Total Nets             : 525
 Total Signal Drivers   : 12
 Total Blocks           : 9
 Total Primitive Blocks : 7
 Total Processes        : 19
 Total Traceable Variables  : 30
 Total Scalar Nets and Variables : 1061
Total Line Count : 1080

 Total Simulation Time: 0.0936 sec

 Current Memory Usage: 667.599 Meg

Tue Nov 07 14:01:14 2017

