Release 14.7 - xst P.20131013 (nt64)
Copyright (c) 1995-2013 Xilinx, Inc.  All rights reserved.
--> Parameter TMPDIR set to xst/projnav.tmp


Total REAL time to Xst completion: 0.00 secs
Total CPU time to Xst completion: 0.14 secs
 
--> Parameter xsthdpdir set to xst


Total REAL time to Xst completion: 0.00 secs
Total CPU time to Xst completion: 0.14 secs
 
--> Reading design: keygnCompile.prj

TABLE OF CONTENTS
  1) Synthesis Options Summary
  2) HDL Parsing
  3) HDL Elaboration
  4) HDL Synthesis
       4.1) HDL Synthesis Report
  5) Advanced HDL Synthesis
       5.1) Advanced HDL Synthesis Report
  6) Low Level Synthesis
  7) Partition Report
  8) Design Summary
       8.1) Primitive and Black Box Usage
       8.2) Device utilization summary
       8.3) Partition Resource Summary
       8.4) Timing Report
            8.4.1) Clock Information
            8.4.2) Asynchronous Control Signals Information
            8.4.3) Timing Summary
            8.4.4) Timing Details
            8.4.5) Cross Clock Domains Report


=========================================================================
*                      Synthesis Options Summary                        *
=========================================================================
---- Source Parameters
Input File Name                    : "keygnCompile.prj"
Ignore Synthesis Constraint File   : NO

---- Target Parameters
Output File Name                   : "keygnCompile"
Output Format                      : NGC
Target Device                      : xc7a100t-3-csg324

---- Source Options
Top Module Name                    : keygnCompile
Automatic FSM Extraction           : YES
FSM Encoding Algorithm             : Auto
Safe Implementation                : No
FSM Style                          : LUT
RAM Extraction                     : Yes
RAM Style                          : Auto
ROM Extraction                     : Yes
Shift Register Extraction          : YES
ROM Style                          : Auto
Resource Sharing                   : YES
Asynchronous To Synchronous        : NO
Shift Register Minimum Size        : 2
Use DSP Block                      : Auto
Automatic Register Balancing       : No

---- Target Options
LUT Combining                      : Auto
Reduce Control Sets                : Auto
Add IO Buffers                     : YES
Global Maximum Fanout              : 100000
Add Generic Clock Buffer(BUFG)     : 32
Register Duplication               : YES
Optimize Instantiated Primitives   : NO
Use Clock Enable                   : Auto
Use Synchronous Set                : Auto
Use Synchronous Reset              : Auto
Pack IO Registers into IOBs        : Auto
Equivalent register Removal        : YES

---- General Options
Optimization Goal                  : Speed
Optimization Effort                : 1
Power Reduction                    : NO
Keep Hierarchy                     : No
Netlist Hierarchy                  : As_Optimized
RTL Output                         : Yes
Global Optimization                : AllClockNets
Read Cores                         : YES
Write Timing Constraints           : NO
Cross Clock Analysis               : NO
Hierarchy Separator                : /
Bus Delimiter                      : <>
Case Specifier                     : Maintain
Slice Utilization Ratio            : 100
BRAM Utilization Ratio             : 100
DSP48 Utilization Ratio            : 100
Auto BRAM Packing                  : NO
Slice Utilization Ratio Delta      : 5

=========================================================================


=========================================================================
*                          HDL Parsing                                  *
=========================================================================
Analyzing Verilog file "D:\minor\shifting\matrixx.v" into library work
Parsing module <matrixx>.
Analyzing Verilog file "D:\minor\shifting\shifting.v" into library work
Parsing module <shifting>.
Analyzing Verilog file "D:\minor\shifting\sboxnew.v" into library work
Parsing module <lookupsbox>.
Analyzing Verilog file "D:\minor\shifting\rcon.v" into library work
Parsing module <rcon>.
Analyzing Verilog file "D:\minor\shifting\keygnCompile.v" into library work
Parsing module <keygnCompile>.

=========================================================================
*                            HDL Elaboration                            *
=========================================================================

Elaborating module <keygnCompile>.

Elaborating module <shifting>.

Elaborating module <lookupsbox>.

Elaborating module <matrixx>.

Elaborating module <rcon>.

=========================================================================
*                           HDL Synthesis                               *
=========================================================================

Synthesizing Unit <keygnCompile>.
    Related source file is "D:\minor\shifting\keygnCompile.v".
    Summary:
	no macro.
Unit <keygnCompile> synthesized.

Synthesizing Unit <shifting>.
    Related source file is "D:\minor\shifting\shifting.v".
    Summary:
	no macro.
Unit <shifting> synthesized.

Synthesizing Unit <lookupsbox>.
    Related source file is "D:\minor\shifting\sboxnew.v".
    Summary:
	no macro.
Unit <lookupsbox> synthesized.

Synthesizing Unit <matrixx>.
    Related source file is "D:\minor\shifting\matrixx.v".
    Found 256x8-bit Read Only RAM for signal <sbox>
    Summary:
	inferred   1 RAM(s).
Unit <matrixx> synthesized.

Synthesizing Unit <rcon>.
    Related source file is "D:\minor\shifting\rcon.v".
WARNING:Xst:647 - Input <srin<127:32>> is never used. This port will be preserved and left unconnected if it belongs to a top-level block or it belongs to a sub-block and the hierarchy of this sub-block is preserved.
    Summary:
Unit <rcon> synthesized.

=========================================================================
HDL Synthesis Report

Macro Statistics
# RAMs                                                 : 4
 256x8-bit single-port Read Only RAM                   : 4
# Xors                                                 : 17
 8-bit xor2                                            : 17

=========================================================================

=========================================================================
*                       Advanced HDL Synthesis                          *
=========================================================================


Synthesizing (advanced) Unit <matrixx>.
INFO:Xst:3218 - HDL ADVISOR - The RAM <Mram_sbox> will be implemented on LUTs either because you have described an asynchronous read or because of currently unsupported block RAM features. If you have described an asynchronous read, making it synchronous would allow you to take advantage of available block RAM resources, for optimized device usage and improved timings. Please refer to your documentation for coding guidelines.
    -----------------------------------------------------------------------
    | ram_type           | Distributed                         |          |
    -----------------------------------------------------------------------
    | Port A                                                              |
    |     aspect ratio   | 256-word x 8-bit                    |          |
    |     weA            | connected to signal <GND>           | high     |
    |     addrA          | connected to signal <a>             |          |
    |     diA            | connected to signal <GND>           |          |
    |     doA            | connected to signal <sbox>          |          |
    -----------------------------------------------------------------------
Unit <matrixx> synthesized (advanced).

=========================================================================
Advanced HDL Synthesis Report

Macro Statistics
# RAMs                                                 : 4
 256x8-bit single-port distributed Read Only RAM       : 4
# Xors                                                 : 17
 8-bit xor2                                            : 17

=========================================================================

=========================================================================
*                         Low Level Synthesis                           *
=========================================================================

Optimizing unit <keygnCompile> ...

Optimizing unit <rcon> ...

Mapping all equations...
Building and optimizing final netlist ...
Found area constraint ratio of 100 (+ 5) on block keygnCompile, actual ratio is 0.

Final Macro Processing ...

=========================================================================
Final Register Report

Found no macro
=========================================================================

=========================================================================
*                           Partition Report                            *
=========================================================================

Partition Implementation Status
-------------------------------

  No Partitions were found in this design.

-------------------------------

=========================================================================
*                            Design Summary                             *
=========================================================================

Top Level Output File Name         : keygnCompile.ngc

Primitive and Black Box Usage:
------------------------------
# BELS                             : 352
#      LUT2                        : 32
#      LUT3                        : 32
#      LUT4                        : 32
#      LUT5                        : 32
#      LUT6                        : 128
#      MUXF7                       : 64
#      MUXF8                       : 32
# IO Buffers                       : 256
#      IBUF                        : 128
#      OBUF                        : 128

Device utilization summary:
---------------------------

Selected Device : 7a100tcsg324-3 


Slice Logic Utilization: 
 Number of Slice LUTs:                  256  out of  63400     0%  
    Number used as Logic:               256  out of  63400     0%  

Slice Logic Distribution: 
 Number of LUT Flip Flop pairs used:    256
   Number with an unused Flip Flop:     256  out of    256   100%  
   Number with an unused LUT:             0  out of    256     0%  
   Number of fully used LUT-FF pairs:     0  out of    256     0%  
   Number of unique control sets:         0

IO Utilization: 
 Number of IOs:                         256
 Number of bonded IOBs:                 256  out of    210   121% (*) 

Specific Feature Utilization:

WARNING:Xst:1336 -  (*) More than 100% of Device resources are used

---------------------------
Partition Resource Summary:
---------------------------

  No Partitions were found in this design.

---------------------------


=========================================================================
Timing Report

NOTE: THESE TIMING NUMBERS ARE ONLY A SYNTHESIS ESTIMATE.
      FOR ACCURATE TIMING INFORMATION PLEASE REFER TO THE TRACE REPORT
      GENERATED AFTER PLACE-and-ROUTE.

Clock Information:
------------------
No clock signals found in this design

Asynchronous Control Signals Information:
----------------------------------------
No asynchronous control signals found in this design

Timing Summary:
---------------
Speed Grade: -3

   Minimum period: No path found
   Minimum input arrival time before clock: No path found
   Maximum output required time after clock: No path found
   Maximum combinational path delay: 2.165ns

Timing Details:
---------------
All values displayed in nanoseconds (ns)

=========================================================================
Timing constraint: Default path analysis
  Total number of paths / destination ports: 3776 / 128
-------------------------------------------------------------------------
Delay:               2.165ns (Levels of Logic = 6)
  Source:            keyIn<16> (PAD)
  Destination:       key<127> (PAD)

  Data Path: keyIn<16> to key<127>
                                Gate     Net
    Cell:in->out      fanout   Delay   Delay  Logical Name (Net Name)
    ----------------------------------------  ------------
     IBUF:I->O            33   0.001   0.800  keyIn_16_IBUF (keyIn_16_IBUF)
     LUT6:I0->O            1   0.097   0.000  sbox1/m4/Mram_sbox142 (sbox1/m4/Mram_sbox142)
     MUXF7:I1->O           1   0.279   0.000  sbox1/m4/Mram_sbox14_f7_0 (sbox1/m4/Mram_sbox14_f71)
     MUXF8:I0->O           4   0.218   0.393  sbox1/m4/Mram_sbox14_f8 (keyTemp2<31>)
     LUT2:I0->O            1   0.097   0.279  rcon1/w4<31>1 (key_127_OBUF)
     OBUF:I->O                 0.000          key_127_OBUF (key<127>)
    ----------------------------------------
    Total                      2.165ns (0.692ns logic, 1.473ns route)
                                       (32.0% logic, 68.0% route)

=========================================================================

Cross Clock Domains Report:
--------------------------

=========================================================================


Total REAL time to Xst completion: 12.00 secs
Total CPU time to Xst completion: 11.92 secs
 
--> 

Total memory usage is 430296 kilobytes

Number of errors   :    0 (   0 filtered)
Number of warnings :    2 (   0 filtered)
Number of infos    :    1 (   0 filtered)

